<?xml version="1.0" encoding="UTF-8"?>
<!-- Generated by org.testng.reporters.JUnitReportReporter -->
<testsuite hostname="MaxDell" failures="0" tests="1" name="SeleniumMaven.MavenDemo.MavenReview" time="0.011" errors="0" timestamp="2022-11-20T16:39:27 EST" skipped="0">
  <testcase classname="SeleniumMaven.MavenDemo.MavenReview" name="MavenClassOne" time="0.011"/>
  <system-out/>
</testsuite> <!-- SeleniumMaven.MavenDemo.MavenReview -->
